[INFO] Scanning for projects...
[INFO] 
[INFO] ----------------------------< com.rit:spms >----------------------------
[INFO] Building spms 1.0.0
[INFO]   from pom.xml
[INFO] --------------------------------[ jar ]---------------------------------
[INFO] 
[INFO] >>> spring-boot:3.3.0:run (default-cli) > test-compile @ spms >>>
[INFO] 
[INFO] --- resources:3.3.1:resources (default-resources) @ spms ---
[INFO] Copying 1 resource from src\main\resources to target\classes
[INFO] Copying 49 resources from src\main\resources to target\classes
[INFO] 
[INFO] --- compiler:3.13.0:compile (default-compile) @ spms ---
[INFO] Nothing to compile - all classes are up to date.
[INFO] 
[INFO] --- resources:3.3.1:testResources (default-testResources) @ spms ---
[INFO] skip non existing resourceDirectory C:\Users\kxkcad\projects\demo\spms\src\test\resources
[INFO] 
[INFO] --- compiler:3.13.0:testCompile (default-testCompile) @ spms ---
[INFO] No sources to compile
[INFO] 
[INFO] <<< spring-boot:3.3.0:run (default-cli) < test-compile @ spms <<<
[INFO] 
[INFO] 
[INFO] --- spring-boot:3.3.0:run (default-cli) @ spms ---
[INFO] Attaching agents: []
Standard Commons Logging discovery in action with spring-jcl: please remove commons-logging.jar from classpath in order to avoid potential conflicts
  .   ____          _            __ _ _
 /\\ / ___'_ __ _ _(_)_ __  __ _ \ \ \ \
( ( )\___ | '_ | '_| | '_ \/ _` | \ \ \ \
 \\/  ___)| |_)| | | | | || (_| |  ) ) ) )
  '  |____| .__|_| |_|_| |_\__, | / / / /
 =========|_|==============|___/=/_/_/_/

 :: Spring Boot ::                (v3.3.0)

2026-07-06T15:48:53.238+04:00  INFO 54984 --- [           main] com.rit.spms.SpmsApplication             : Starting SpmsApplication using Java 21.0.8 with PID 54984 (C:\Users\kxkcad\projects\demo\spms\target\classes started by kxkcad in C:\Users\kxkcad\projects\demo\spms)
2026-07-06T15:48:53.242+04:00  INFO 54984 --- [           main] com.rit.spms.SpmsApplication             : No active profile set, falling back to 1 default profile: "default"
2026-07-06T15:48:53.888+04:00  INFO 54984 --- [           main] .s.d.r.c.RepositoryConfigurationDelegate : Bootstrapping Spring Data JPA repositories in DEFAULT mode.
2026-07-06T15:48:54.002+04:00  INFO 54984 --- [           main] .s.d.r.c.RepositoryConfigurationDelegate : Finished Spring Data repository scanning in 100 ms. Found 45 JPA repository interfaces.
2026-07-06T15:48:54.796+04:00  INFO 54984 --- [           main] o.s.b.w.embedded.tomcat.TomcatWebServer  : Tomcat initialized with port 8085 (http)
2026-07-06T15:48:54.812+04:00  INFO 54984 --- [           main] o.apache.catalina.core.StandardService   : Starting service [Tomcat]
2026-07-06T15:48:54.813+04:00  INFO 54984 --- [           main] o.apache.catalina.core.StandardEngine    : Starting Servlet engine: [Apache Tomcat/10.1.24]
2026-07-06T15:48:54.869+04:00  INFO 54984 --- [           main] o.a.c.c.C.[Tomcat].[localhost].[/]       : Initializing Spring embedded WebApplicationContext
2026-07-06T15:48:54.870+04:00  INFO 54984 --- [           main] w.s.c.ServletWebServerApplicationContext : Root WebApplicationContext: initialization completed in 1565 ms
Standard Commons Logging discovery in action with spring-jcl: please remove commons-logging.jar from classpath in order to avoid potential conflicts
2026-07-06T15:48:55.066+04:00  INFO 54984 --- [           main] com.zaxxer.hikari.HikariDataSource       : HikariPool-1 - Starting...
2026-07-06T15:48:55.220+04:00  INFO 54984 --- [           main] com.zaxxer.hikari.pool.HikariPool        : HikariPool-1 - Added connection org.postgresql.jdbc.PgConnection@63a7781
2026-07-06T15:48:55.224+04:00  INFO 54984 --- [           main] com.zaxxer.hikari.HikariDataSource       : HikariPool-1 - Start completed.
2026-07-06T15:48:55.248+04:00  INFO 54984 --- [           main] org.flywaydb.core.FlywayExecutor         : Database: jdbc:postgresql://localhost:5432/spms (PostgreSQL 17.6)
2026-07-06T15:48:55.256+04:00  WARN 54984 --- [           main] o.f.c.internal.database.base.Database    : Flyway upgrade recommended: PostgreSQL 17.6 is newer than this version of Flyway and support has not been tested. The latest supported version of PostgreSQL is 16.
2026-07-06T15:48:55.307+04:00  INFO 54984 --- [           main] o.f.core.internal.command.DbValidate     : Successfully validated 49 migrations (execution time 00:00.042s)
2026-07-06T15:48:55.363+04:00  INFO 54984 --- [           main] o.f.core.internal.command.DbMigrate      : Current version of schema "public": 49
2026-07-06T15:48:55.363+04:00  INFO 54984 --- [           main] o.f.core.internal.command.DbMigrate      : Schema "public" is up to date. No migration necessary.
2026-07-06T15:48:55.441+04:00  INFO 54984 --- [           main] o.hibernate.jpa.internal.util.LogHelper  : HHH000204: Processing PersistenceUnitInfo [name: default]
2026-07-06T15:48:55.497+04:00  INFO 54984 --- [           main] org.hibernate.Version                    : HHH000412: Hibernate ORM core version 6.5.2.Final
2026-07-06T15:48:55.526+04:00  INFO 54984 --- [           main] o.h.c.internal.RegionFactoryInitiator    : HHH000026: Second-level cache disabled
2026-07-06T15:48:55.776+04:00  INFO 54984 --- [           main] o.s.o.j.p.SpringPersistenceUnitInfo      : No LoadTimeWeaver setup: ignoring JPA class transformer
2026-07-06T15:48:55.823+04:00  WARN 54984 --- [           main] org.hibernate.orm.deprecation            : HHH90000025: PostgreSQLDialect does not need to be specified explicitly using 'hibernate.dialect' (remove the property setting and it will be selected by default)
2026-07-06T15:48:57.108+04:00  INFO 54984 --- [           main] o.h.e.t.j.p.i.JtaPlatformInitiator       : HHH000489: No JTA platform available (set 'hibernate.transaction.jta.platform' to enable JTA platform integration)
2026-07-06T15:48:57.139+04:00  INFO 54984 --- [           main] j.LocalContainerEntityManagerFactoryBean : Initialized JPA EntityManagerFactory for persistence unit 'default'
2026-07-06T15:48:57.397+04:00  INFO 54984 --- [           main] o.s.d.j.r.query.QueryEnhancerFactory     : Hibernate is in classpath; If applicable, HQL parser will be used.
2026-07-06T15:48:58.539+04:00  INFO 54984 --- [           main] eAuthenticationProviderManagerConfigurer : Global AuthenticationManager configured with AuthenticationProvider bean with name hybridAuthenticationProvider
2026-07-06T15:48:58.543+04:00  WARN 54984 --- [           main] r$InitializeUserDetailsManagerConfigurer : Global AuthenticationManager configured with an AuthenticationProvider bean. UserDetailsService beans will not be used for username/password login. Consider removing the AuthenticationProvider bean. Alternatively, consider using the UserDetailsService in a manually instantiated DaoAuthenticationProvider.
2026-07-06T15:48:59.476+04:00  WARN 54984 --- [           main] JpaBaseConfiguration$JpaWebConfiguration : spring.jpa.open-in-view is enabled by default. Therefore, database queries may be performed during view rendering. Explicitly configure spring.jpa.open-in-view to disable this warning
2026-07-06T15:48:59.783+04:00  INFO 54984 --- [           main] o.s.s.web.DefaultSecurityFilterChain     : Will secure any request with [org.springframework.security.web.session.DisableEncodeUrlFilter@31b0501a, org.springframework.security.web.context.request.async.WebAsyncManagerIntegrationFilter@2451c25, org.springframework.security.web.context.SecurityContextHolderFilter@3872845b, org.springframework.security.web.header.HeaderWriterFilter@7ab8af34, org.springframework.web.filter.CorsFilter@10481c77, org.springframework.security.web.authentication.logout.LogoutFilter@5ac1028, com.rit.spms.security.JwtAuthenticationFilter@58cec3bb, org.springframework.security.web.savedrequest.RequestCacheAwareFilter@1cdb11ff, org.springframework.security.web.servletapi.SecurityContextHolderAwareRequestFilter@7eba6729, org.springframework.security.web.authentication.AnonymousAuthenticationFilter@7bc1fd7e, org.springframework.security.web.session.SessionManagementFilter@1002e64a, org.springframework.security.web.access.ExceptionTranslationFilter@27c5fba0, org.springframework.security.web.access.intercept.AuthorizationFilter@6e6b415]
2026-07-06T15:49:00.046+04:00  INFO 54984 --- [           main] o.s.l.c.support.AbstractContextSource    : Property 'userDn' not set - anonymous context will be used for read-only operations
2026-07-06T15:49:00.104+04:00  INFO 54984 --- [           main] o.s.b.w.embedded.tomcat.TomcatWebServer  : Tomcat started on port 8085 (http) with context path '/'
2026-07-06T15:49:00.110+04:00  INFO 54984 --- [           main] com.rit.spms.SpmsApplication             : Started SpmsApplication in 7.217 seconds (process running for 7.537)
2026-07-06T15:49:16.633+04:00  INFO 54984 --- [nio-8085-exec-1] o.a.c.c.C.[Tomcat].[localhost].[/]       : Initializing Spring DispatcherServlet 'dispatcherServlet'
2026-07-06T15:49:16.636+04:00  INFO 54984 --- [nio-8085-exec-1] o.s.web.servlet.DispatcherServlet        : Initializing Servlet 'dispatcherServlet'
2026-07-06T15:49:16.637+04:00  INFO 54984 --- [nio-8085-exec-1] o.s.web.servlet.DispatcherServlet        : Completed initialization in 1 ms
2026-07-06T15:49:17.568+04:00  WARN 54984 --- [nio-8085-exec-2] c.r.s.exception.GlobalExceptionHandler   : Business rule violation: Self-assessment can only be edited while the evaluation is in DRAFT
2026-07-06T15:49:17.587+04:00  WARN 54984 --- [nio-8085-exec-5] c.r.s.exception.GlobalExceptionHandler   : Business rule violation: This evaluation is locked -- a signature has already been recorded
2026-07-06T15:49:17.959+04:00  WARN 54984 --- [nio-8085-exec-9] c.r.s.exception.GlobalExceptionHandler   : Unauthorized access: Only the employee, HR, an admin, or someone above them in the reporting hierarchy can view this report
[INFO] ------------------------------------------------------------------------
[INFO] BUILD FAILURE
[INFO] ------------------------------------------------------------------------
[INFO] Total time:  04:51 min
[INFO] Finished at: 2026-07-06T15:53:42+04:00
[INFO] ------------------------------------------------------------------------
[ERROR] Failed to execute goal org.springframework.boot:spring-boot-maven-plugin:3.3.0:run (default-cli) on project spms: Process terminated with exit code: -1 -> [Help 1]
[ERROR] 
[ERROR] To see the full stack trace of the errors, re-run Maven with the -e switch.
[ERROR] Re-run Maven using the -X switch to enable full debug logging.
[ERROR] 
[ERROR] For more information about the errors and possible solutions, please read the following articles:
[ERROR] [Help 1] http://cwiki.apache.org/confluence/display/MAVEN/MojoExecutionException
