Standard Commons Logging discovery in action with spring-jcl: please remove commons-logging.jar from classpath in order to avoid potential conflicts
  .   ____          _            __ _ _
 /\\ / ___'_ __ _ _(_)_ __  __ _ \ \ \ \
( ( )\___ | '_ | '_| | '_ \/ _` | \ \ \ \
 \\/  ___)| |_)| | | | | || (_| |  ) ) ) )
  '  |____| .__|_| |_|_| |_\__, | / / / /
 =========|_|==============|___/=/_/_/_/

 :: Spring Boot ::                (v3.3.0)

2026-07-09T10:44:15.994+04:00  INFO 57576 --- [           main] com.rit.spms.SpmsApplication             : Starting SpmsApplication using Java 21.0.8 with PID 57576 (C:\Users\kxkcad\projects\demo\spms\target\classes started by kxkcad in C:\Users\kxkcad\projects\demo\spms)
2026-07-09T10:44:15.997+04:00  INFO 57576 --- [           main] com.rit.spms.SpmsApplication             : No active profile set, falling back to 1 default profile: "default"
2026-07-09T10:44:16.727+04:00  INFO 57576 --- [           main] .s.d.r.c.RepositoryConfigurationDelegate : Bootstrapping Spring Data JPA repositories in DEFAULT mode.
2026-07-09T10:44:16.848+04:00  INFO 57576 --- [           main] .s.d.r.c.RepositoryConfigurationDelegate : Finished Spring Data repository scanning in 114 ms. Found 46 JPA repository interfaces.
2026-07-09T10:44:18.234+04:00  INFO 57576 --- [           main] o.s.b.w.embedded.tomcat.TomcatWebServer  : Tomcat initialized with port 8085 (http)
2026-07-09T10:44:18.247+04:00  INFO 57576 --- [           main] o.apache.catalina.core.StandardService   : Starting service [Tomcat]
2026-07-09T10:44:18.247+04:00  INFO 57576 --- [           main] o.apache.catalina.core.StandardEngine    : Starting Servlet engine: [Apache Tomcat/10.1.24]
2026-07-09T10:44:18.422+04:00  INFO 57576 --- [           main] o.a.c.c.C.[Tomcat].[localhost].[/]       : Initializing Spring embedded WebApplicationContext
2026-07-09T10:44:18.425+04:00  INFO 57576 --- [           main] w.s.c.ServletWebServerApplicationContext : Root WebApplicationContext: initialization completed in 2380 ms
Standard Commons Logging discovery in action with spring-jcl: please remove commons-logging.jar from classpath in order to avoid potential conflicts
2026-07-09T10:44:19.053+04:00  INFO 57576 --- [           main] com.zaxxer.hikari.HikariDataSource       : HikariPool-1 - Starting...
2026-07-09T10:44:19.493+04:00  INFO 57576 --- [           main] com.zaxxer.hikari.pool.HikariPool        : HikariPool-1 - Added connection org.postgresql.jdbc.PgConnection@7dd45c93
2026-07-09T10:44:19.498+04:00  INFO 57576 --- [           main] com.zaxxer.hikari.HikariDataSource       : HikariPool-1 - Start completed.
2026-07-09T10:44:19.565+04:00  INFO 57576 --- [           main] org.flywaydb.core.FlywayExecutor         : Database: jdbc:postgresql://localhost:5432/spms (PostgreSQL 17.6)
2026-07-09T10:44:19.583+04:00  WARN 57576 --- [           main] o.f.c.internal.database.base.Database    : Flyway upgrade recommended: PostgreSQL 17.6 is newer than this version of Flyway and support has not been tested. The latest supported version of PostgreSQL is 16.
2026-07-09T10:44:19.681+04:00  INFO 57576 --- [           main] o.f.core.internal.command.DbValidate     : Successfully validated 60 migrations (execution time 00:00.088s)
2026-07-09T10:44:19.778+04:00  INFO 57576 --- [           main] o.f.core.internal.command.DbMigrate      : Current version of schema "public": 60
2026-07-09T10:44:19.785+04:00  INFO 57576 --- [           main] o.f.core.internal.command.DbMigrate      : Schema "public" is up to date. No migration necessary.
2026-07-09T10:44:19.940+04:00  INFO 57576 --- [           main] o.hibernate.jpa.internal.util.LogHelper  : HHH000204: Processing PersistenceUnitInfo [name: default]
2026-07-09T10:44:20.047+04:00  INFO 57576 --- [           main] org.hibernate.Version                    : HHH000412: Hibernate ORM core version 6.5.2.Final
2026-07-09T10:44:20.102+04:00  INFO 57576 --- [           main] o.h.c.internal.RegionFactoryInitiator    : HHH000026: Second-level cache disabled
2026-07-09T10:44:20.609+04:00  INFO 57576 --- [           main] o.s.o.j.p.SpringPersistenceUnitInfo      : No LoadTimeWeaver setup: ignoring JPA class transformer
2026-07-09T10:44:20.695+04:00  WARN 57576 --- [           main] org.hibernate.orm.deprecation            : HHH90000025: PostgreSQLDialect does not need to be specified explicitly using 'hibernate.dialect' (remove the property setting and it will be selected by default)
2026-07-09T10:44:22.822+04:00  INFO 57576 --- [           main] o.h.e.t.j.p.i.JtaPlatformInitiator       : HHH000489: No JTA platform available (set 'hibernate.transaction.jta.platform' to enable JTA platform integration)
2026-07-09T10:44:22.891+04:00  INFO 57576 --- [           main] j.LocalContainerEntityManagerFactoryBean : Initialized JPA EntityManagerFactory for persistence unit 'default'
2026-07-09T10:44:23.293+04:00  INFO 57576 --- [           main] o.s.d.j.r.query.QueryEnhancerFactory     : Hibernate is in classpath; If applicable, HQL parser will be used.
2026-07-09T10:44:24.825+04:00  INFO 57576 --- [           main] eAuthenticationProviderManagerConfigurer : Global AuthenticationManager configured with AuthenticationProvider bean with name hybridAuthenticationProvider
2026-07-09T10:44:24.825+04:00  WARN 57576 --- [           main] r$InitializeUserDetailsManagerConfigurer : Global AuthenticationManager configured with an AuthenticationProvider bean. UserDetailsService beans will not be used for username/password login. Consider removing the AuthenticationProvider bean. Alternatively, consider using the UserDetailsService in a manually instantiated DaoAuthenticationProvider.
2026-07-09T10:44:25.833+04:00  WARN 57576 --- [           main] JpaBaseConfiguration$JpaWebConfiguration : spring.jpa.open-in-view is enabled by default. Therefore, database queries may be performed during view rendering. Explicitly configure spring.jpa.open-in-view to disable this warning
2026-07-09T10:44:26.111+04:00  INFO 57576 --- [           main] o.s.s.web.DefaultSecurityFilterChain     : Will secure any request with [org.springframework.security.web.session.DisableEncodeUrlFilter@4133f274, org.springframework.security.web.context.request.async.WebAsyncManagerIntegrationFilter@14747c05, org.springframework.security.web.context.SecurityContextHolderFilter@26bddc84, org.springframework.security.web.header.HeaderWriterFilter@21302fe7, org.springframework.web.filter.CorsFilter@2817815f, org.springframework.security.web.authentication.logout.LogoutFilter@7816426c, com.rit.spms.security.JwtAuthenticationFilter@708c1263, org.springframework.security.web.savedrequest.RequestCacheAwareFilter@28aee12e, org.springframework.security.web.servletapi.SecurityContextHolderAwareRequestFilter@5d34e3b3, org.springframework.security.web.authentication.AnonymousAuthenticationFilter@294ce57a, org.springframework.security.web.session.SessionManagementFilter@5f98b31, org.springframework.security.web.access.ExceptionTranslationFilter@79fafd7f, org.springframework.security.web.access.intercept.AuthorizationFilter@55f00c43]
2026-07-09T10:44:26.363+04:00  INFO 57576 --- [           main] o.s.l.c.support.AbstractContextSource    : Property 'userDn' not set - anonymous context will be used for read-only operations
2026-07-09T10:44:26.425+04:00  INFO 57576 --- [           main] o.s.b.w.embedded.tomcat.TomcatWebServer  : Tomcat started on port 8085 (http) with context path '/'
2026-07-09T10:44:26.431+04:00  INFO 57576 --- [           main] com.rit.spms.SpmsApplication             : Started SpmsApplication in 10.79 seconds (process running for 11.127)
2026-07-09T10:44:43.541+04:00  INFO 57576 --- [nio-8085-exec-1] o.a.c.c.C.[Tomcat].[localhost].[/]       : Initializing Spring DispatcherServlet 'dispatcherServlet'
2026-07-09T10:44:43.541+04:00  INFO 57576 --- [nio-8085-exec-1] o.s.web.servlet.DispatcherServlet        : Initializing Servlet 'dispatcherServlet'
2026-07-09T10:44:43.541+04:00  INFO 57576 --- [nio-8085-exec-1] o.s.web.servlet.DispatcherServlet        : Completed initialization in 0 ms
2026-07-09T10:44:44.375+04:00  WARN 57576 --- [nio-8085-exec-4] PageModule$PlainPageSerializationWarning : Serializing PageImpl instances as-is is not supported, meaning that there is no guarantee about the stability of the resulting JSON structure!
	For a stable JSON structure, please use Spring Data's PagedModel (globally via @EnableSpringDataWebSupport(pageSerializationMode = VIA_DTO))
	or Spring HATEOAS and Spring Data's PagedResourcesAssembler as documented in https://docs.spring.io/spring-data/commons/reference/repositories/core-extensions.html#core.web.pageables.

2026-07-09T10:48:21.493+04:00  WARN 57576 --- [nio-8085-exec-6] c.r.s.exception.GlobalExceptionHandler   : Business rule violation: Employee has no department head assigned; cannot create an annual evaluation
2026-07-09T10:48:22.512+04:00  WARN 57576 --- [nio-8085-exec-7] c.r.s.exception.GlobalExceptionHandler   : Business rule violation: Employee has no department head assigned; cannot create an annual evaluation
2026-07-09T10:50:42.314+04:00  WARN 57576 --- [nio-8085-exec-6] c.r.s.exception.GlobalExceptionHandler   : Unauthorized access: You do not have access to this strategy
2026-07-09T10:50:43.325+04:00  WARN 57576 --- [nio-8085-exec-3] c.r.s.exception.GlobalExceptionHandler   : Unauthorized access: You do not have access to this strategy
[ERROR] Failed to execute goal org.springframework.boot:spring-boot-maven-plugin:3.3.0:run (default-cli) on project spms: Process terminated with exit code: -1 -> [Help 1]
[ERROR] 
[ERROR] To see the full stack trace of the errors, re-run Maven with the -e switch.
[ERROR] Re-run Maven using the -X switch to enable full debug logging.
[ERROR] 
[ERROR] For more information about the errors and possible solutions, please read the following articles:
[ERROR] [Help 1] http://cwiki.apache.org/confluence/display/MAVEN/MojoExecutionException
