Standard Commons Logging discovery in action with spring-jcl: please remove commons-logging.jar from classpath in order to avoid potential conflicts
  .   ____          _            __ _ _
 /\\ / ___'_ __ _ _(_)_ __  __ _ \ \ \ \
( ( )\___ | '_ | '_| | '_ \/ _` | \ \ \ \
 \\/  ___)| |_)| | | | | || (_| |  ) ) ) )
  '  |____| .__|_| |_|_| |_\__, | / / / /
 =========|_|==============|___/=/_/_/_/

 :: Spring Boot ::                (v3.3.0)

2026-07-09T11:20:23.294+04:00  INFO 59076 --- [           main] com.rit.spms.SpmsApplication             : Starting SpmsApplication using Java 21.0.8 with PID 59076 (C:\Users\kxkcad\projects\demo\spms\target\classes started by kxkcad in C:\Users\kxkcad\projects\demo\spms)
2026-07-09T11:20:23.294+04:00  INFO 59076 --- [           main] com.rit.spms.SpmsApplication             : No active profile set, falling back to 1 default profile: "default"
2026-07-09T11:20:23.865+04:00  INFO 59076 --- [           main] .s.d.r.c.RepositoryConfigurationDelegate : Bootstrapping Spring Data JPA repositories in DEFAULT mode.
2026-07-09T11:20:23.977+04:00  INFO 59076 --- [           main] .s.d.r.c.RepositoryConfigurationDelegate : Finished Spring Data repository scanning in 98 ms. Found 46 JPA repository interfaces.
2026-07-09T11:20:24.782+04:00  INFO 59076 --- [           main] o.s.b.w.embedded.tomcat.TomcatWebServer  : Tomcat initialized with port 8085 (http)
2026-07-09T11:20:24.791+04:00  INFO 59076 --- [           main] o.apache.catalina.core.StandardService   : Starting service [Tomcat]
2026-07-09T11:20:24.791+04:00  INFO 59076 --- [           main] o.apache.catalina.core.StandardEngine    : Starting Servlet engine: [Apache Tomcat/10.1.24]
2026-07-09T11:20:24.845+04:00  INFO 59076 --- [           main] o.a.c.c.C.[Tomcat].[localhost].[/]       : Initializing Spring embedded WebApplicationContext
2026-07-09T11:20:24.846+04:00  INFO 59076 --- [           main] w.s.c.ServletWebServerApplicationContext : Root WebApplicationContext: initialization completed in 1509 ms
Standard Commons Logging discovery in action with spring-jcl: please remove commons-logging.jar from classpath in order to avoid potential conflicts
2026-07-09T11:20:25.038+04:00  INFO 59076 --- [           main] com.zaxxer.hikari.HikariDataSource       : HikariPool-1 - Starting...
2026-07-09T11:20:25.307+04:00  INFO 59076 --- [           main] com.zaxxer.hikari.pool.HikariPool        : HikariPool-1 - Added connection org.postgresql.jdbc.PgConnection@7dd45c93
2026-07-09T11:20:25.308+04:00  INFO 59076 --- [           main] com.zaxxer.hikari.HikariDataSource       : HikariPool-1 - Start completed.
2026-07-09T11:20:25.333+04:00  INFO 59076 --- [           main] org.flywaydb.core.FlywayExecutor         : Database: jdbc:postgresql://localhost:5432/spms (PostgreSQL 17.6)
2026-07-09T11:20:25.340+04:00  WARN 59076 --- [           main] o.f.c.internal.database.base.Database    : Flyway upgrade recommended: PostgreSQL 17.6 is newer than this version of Flyway and support has not been tested. The latest supported version of PostgreSQL is 16.
2026-07-09T11:20:25.396+04:00  INFO 59076 --- [           main] o.f.core.internal.command.DbValidate     : Successfully validated 60 migrations (execution time 00:00.047s)
2026-07-09T11:20:25.456+04:00  INFO 59076 --- [           main] o.f.core.internal.command.DbMigrate      : Current version of schema "public": 60
2026-07-09T11:20:25.458+04:00  INFO 59076 --- [           main] o.f.core.internal.command.DbMigrate      : Schema "public" is up to date. No migration necessary.
2026-07-09T11:20:25.528+04:00  INFO 59076 --- [           main] o.hibernate.jpa.internal.util.LogHelper  : HHH000204: Processing PersistenceUnitInfo [name: default]
2026-07-09T11:20:25.580+04:00  INFO 59076 --- [           main] org.hibernate.Version                    : HHH000412: Hibernate ORM core version 6.5.2.Final
2026-07-09T11:20:25.620+04:00  INFO 59076 --- [           main] o.h.c.internal.RegionFactoryInitiator    : HHH000026: Second-level cache disabled
2026-07-09T11:20:26.002+04:00  INFO 59076 --- [           main] o.s.o.j.p.SpringPersistenceUnitInfo      : No LoadTimeWeaver setup: ignoring JPA class transformer
2026-07-09T11:20:26.061+04:00  WARN 59076 --- [           main] org.hibernate.orm.deprecation            : HHH90000025: PostgreSQLDialect does not need to be specified explicitly using 'hibernate.dialect' (remove the property setting and it will be selected by default)
2026-07-09T11:20:27.457+04:00  INFO 59076 --- [           main] o.h.e.t.j.p.i.JtaPlatformInitiator       : HHH000489: No JTA platform available (set 'hibernate.transaction.jta.platform' to enable JTA platform integration)
2026-07-09T11:20:27.505+04:00  INFO 59076 --- [           main] j.LocalContainerEntityManagerFactoryBean : Initialized JPA EntityManagerFactory for persistence unit 'default'
2026-07-09T11:20:27.760+04:00  INFO 59076 --- [           main] o.s.d.j.r.query.QueryEnhancerFactory     : Hibernate is in classpath; If applicable, HQL parser will be used.
2026-07-09T11:20:29.194+04:00  INFO 59076 --- [           main] eAuthenticationProviderManagerConfigurer : Global AuthenticationManager configured with AuthenticationProvider bean with name hybridAuthenticationProvider
2026-07-09T11:20:29.194+04:00  WARN 59076 --- [           main] r$InitializeUserDetailsManagerConfigurer : Global AuthenticationManager configured with an AuthenticationProvider bean. UserDetailsService beans will not be used for username/password login. Consider removing the AuthenticationProvider bean. Alternatively, consider using the UserDetailsService in a manually instantiated DaoAuthenticationProvider.
2026-07-09T11:20:30.285+04:00  WARN 59076 --- [           main] JpaBaseConfiguration$JpaWebConfiguration : spring.jpa.open-in-view is enabled by default. Therefore, database queries may be performed during view rendering. Explicitly configure spring.jpa.open-in-view to disable this warning
2026-07-09T11:20:30.664+04:00  INFO 59076 --- [           main] o.s.s.web.DefaultSecurityFilterChain     : Will secure any request with [org.springframework.security.web.session.DisableEncodeUrlFilter@5a7fa0b0, org.springframework.security.web.context.request.async.WebAsyncManagerIntegrationFilter@19cad31e, org.springframework.security.web.context.SecurityContextHolderFilter@188b224d, org.springframework.security.web.header.HeaderWriterFilter@5387e079, org.springframework.web.filter.CorsFilter@72ddbe12, org.springframework.security.web.authentication.logout.LogoutFilter@3023b749, com.rit.spms.security.JwtAuthenticationFilter@1f69937a, org.springframework.security.web.savedrequest.RequestCacheAwareFilter@6dca770f, org.springframework.security.web.servletapi.SecurityContextHolderAwareRequestFilter@55f00c43, org.springframework.security.web.authentication.AnonymousAuthenticationFilter@428d5eb8, org.springframework.security.web.session.SessionManagementFilter@30c6e2e, org.springframework.security.web.access.ExceptionTranslationFilter@65c29c4c, org.springframework.security.web.access.intercept.AuthorizationFilter@48c176ef]
2026-07-09T11:20:30.994+04:00  INFO 59076 --- [           main] o.s.l.c.support.AbstractContextSource    : Property 'userDn' not set - anonymous context will be used for read-only operations
2026-07-09T11:20:31.073+04:00  INFO 59076 --- [           main] o.s.b.w.embedded.tomcat.TomcatWebServer  : Tomcat started on port 8085 (http) with context path '/'
2026-07-09T11:20:31.080+04:00  INFO 59076 --- [           main] com.rit.spms.SpmsApplication             : Started SpmsApplication in 8.102 seconds (process running for 8.418)
2026-07-09T11:20:32.981+04:00  INFO 59076 --- [nio-8085-exec-1] o.a.c.c.C.[Tomcat].[localhost].[/]       : Initializing Spring DispatcherServlet 'dispatcherServlet'
2026-07-09T11:20:32.982+04:00  INFO 59076 --- [nio-8085-exec-1] o.s.web.servlet.DispatcherServlet        : Initializing Servlet 'dispatcherServlet'
2026-07-09T11:20:32.983+04:00  INFO 59076 --- [nio-8085-exec-1] o.s.web.servlet.DispatcherServlet        : Completed initialization in 1 ms
2026-07-09T11:20:52.836+04:00  WARN 59076 --- [nio-8085-exec-9] PageModule$PlainPageSerializationWarning : Serializing PageImpl instances as-is is not supported, meaning that there is no guarantee about the stability of the resulting JSON structure!
	For a stable JSON structure, please use Spring Data's PagedModel (globally via @EnableSpringDataWebSupport(pageSerializationMode = VIA_DTO))
	or Spring HATEOAS and Spring Data's PagedResourcesAssembler as documented in https://docs.spring.io/spring-data/commons/reference/repositories/core-extensions.html#core.web.pageables.

[ERROR] Failed to execute goal org.springframework.boot:spring-boot-maven-plugin:3.3.0:run (default-cli) on project spms: Process terminated with exit code: -1 -> [Help 1]
[ERROR] 
[ERROR] To see the full stack trace of the errors, re-run Maven with the -e switch.
[ERROR] Re-run Maven using the -X switch to enable full debug logging.
[ERROR] 
[ERROR] For more information about the errors and possible solutions, please read the following articles:
[ERROR] [Help 1] http://cwiki.apache.org/confluence/display/MAVEN/MojoExecutionException
