Standard Commons Logging discovery in action with spring-jcl: please remove commons-logging.jar from classpath in order to avoid potential conflicts
  .   ____          _            __ _ _
 /\\ / ___'_ __ _ _(_)_ __  __ _ \ \ \ \
( ( )\___ | '_ | '_| | '_ \/ _` | \ \ \ \
 \\/  ___)| |_)| | | | | || (_| |  ) ) ) )
  '  |____| .__|_| |_|_| |_\__, | / / / /
 =========|_|==============|___/=/_/_/_/

 :: Spring Boot ::                (v3.3.0)

2026-07-08T17:04:49.273+04:00  INFO 55776 --- [           main] com.rit.spms.SpmsApplication             : Starting SpmsApplication using Java 21.0.8 with PID 55776 (C:\Users\kxkcad\projects\demo\spms\target\classes started by kxkcad in C:\Users\kxkcad\projects\demo\spms)
2026-07-08T17:04:49.281+04:00  INFO 55776 --- [           main] com.rit.spms.SpmsApplication             : No active profile set, falling back to 1 default profile: "default"
2026-07-08T17:04:49.849+04:00  INFO 55776 --- [           main] .s.d.r.c.RepositoryConfigurationDelegate : Bootstrapping Spring Data JPA repositories in DEFAULT mode.
2026-07-08T17:04:49.953+04:00  INFO 55776 --- [           main] .s.d.r.c.RepositoryConfigurationDelegate : Finished Spring Data repository scanning in 94 ms. Found 46 JPA repository interfaces.
2026-07-08T17:04:50.744+04:00  INFO 55776 --- [           main] o.s.b.w.embedded.tomcat.TomcatWebServer  : Tomcat initialized with port 8085 (http)
2026-07-08T17:04:50.760+04:00  INFO 55776 --- [           main] o.apache.catalina.core.StandardService   : Starting service [Tomcat]
2026-07-08T17:04:50.760+04:00  INFO 55776 --- [           main] o.apache.catalina.core.StandardEngine    : Starting Servlet engine: [Apache Tomcat/10.1.24]
2026-07-08T17:04:50.808+04:00  INFO 55776 --- [           main] o.a.c.c.C.[Tomcat].[localhost].[/]       : Initializing Spring embedded WebApplicationContext
2026-07-08T17:04:50.808+04:00  INFO 55776 --- [           main] w.s.c.ServletWebServerApplicationContext : Root WebApplicationContext: initialization completed in 1496 ms
Standard Commons Logging discovery in action with spring-jcl: please remove commons-logging.jar from classpath in order to avoid potential conflicts
2026-07-08T17:04:50.978+04:00  INFO 55776 --- [           main] com.zaxxer.hikari.HikariDataSource       : HikariPool-1 - Starting...
2026-07-08T17:04:51.137+04:00  INFO 55776 --- [           main] com.zaxxer.hikari.pool.HikariPool        : HikariPool-1 - Added connection org.postgresql.jdbc.PgConnection@7dd45c93
2026-07-08T17:04:51.137+04:00  INFO 55776 --- [           main] com.zaxxer.hikari.HikariDataSource       : HikariPool-1 - Start completed.
2026-07-08T17:04:51.158+04:00  INFO 55776 --- [           main] org.flywaydb.core.FlywayExecutor         : Database: jdbc:postgresql://localhost:5432/spms (PostgreSQL 17.6)
2026-07-08T17:04:51.169+04:00  WARN 55776 --- [           main] o.f.c.internal.database.base.Database    : Flyway upgrade recommended: PostgreSQL 17.6 is newer than this version of Flyway and support has not been tested. The latest supported version of PostgreSQL is 16.
2026-07-08T17:04:51.227+04:00  INFO 55776 --- [           main] o.f.core.internal.command.DbValidate     : Successfully validated 59 migrations (execution time 00:00.046s)
2026-07-08T17:04:51.277+04:00  INFO 55776 --- [           main] o.f.core.internal.command.DbMigrate      : Current version of schema "public": 59
2026-07-08T17:04:51.277+04:00  INFO 55776 --- [           main] o.f.core.internal.command.DbMigrate      : Schema "public" is up to date. No migration necessary.
2026-07-08T17:04:51.345+04:00  INFO 55776 --- [           main] o.hibernate.jpa.internal.util.LogHelper  : HHH000204: Processing PersistenceUnitInfo [name: default]
2026-07-08T17:04:51.395+04:00  INFO 55776 --- [           main] org.hibernate.Version                    : HHH000412: Hibernate ORM core version 6.5.2.Final
2026-07-08T17:04:51.433+04:00  INFO 55776 --- [           main] o.h.c.internal.RegionFactoryInitiator    : HHH000026: Second-level cache disabled
2026-07-08T17:04:51.923+04:00  INFO 55776 --- [           main] o.s.o.j.p.SpringPersistenceUnitInfo      : No LoadTimeWeaver setup: ignoring JPA class transformer
2026-07-08T17:04:52.061+04:00  WARN 55776 --- [           main] org.hibernate.orm.deprecation            : HHH90000025: PostgreSQLDialect does not need to be specified explicitly using 'hibernate.dialect' (remove the property setting and it will be selected by default)
2026-07-08T17:04:56.370+04:00  INFO 55776 --- [           main] o.h.e.t.j.p.i.JtaPlatformInitiator       : HHH000489: No JTA platform available (set 'hibernate.transaction.jta.platform' to enable JTA platform integration)
2026-07-08T17:04:56.481+04:00  INFO 55776 --- [           main] j.LocalContainerEntityManagerFactoryBean : Initialized JPA EntityManagerFactory for persistence unit 'default'
2026-07-08T17:04:57.206+04:00  INFO 55776 --- [           main] o.s.d.j.r.query.QueryEnhancerFactory     : Hibernate is in classpath; If applicable, HQL parser will be used.
2026-07-08T17:05:00.670+04:00  INFO 55776 --- [           main] eAuthenticationProviderManagerConfigurer : Global AuthenticationManager configured with AuthenticationProvider bean with name hybridAuthenticationProvider
2026-07-08T17:05:00.679+04:00  WARN 55776 --- [           main] r$InitializeUserDetailsManagerConfigurer : Global AuthenticationManager configured with an AuthenticationProvider bean. UserDetailsService beans will not be used for username/password login. Consider removing the AuthenticationProvider bean. Alternatively, consider using the UserDetailsService in a manually instantiated DaoAuthenticationProvider.
2026-07-08T17:05:03.325+04:00  WARN 55776 --- [           main] JpaBaseConfiguration$JpaWebConfiguration : spring.jpa.open-in-view is enabled by default. Therefore, database queries may be performed during view rendering. Explicitly configure spring.jpa.open-in-view to disable this warning
2026-07-08T17:05:04.295+04:00  INFO 55776 --- [           main] o.s.s.web.DefaultSecurityFilterChain     : Will secure any request with [org.springframework.security.web.session.DisableEncodeUrlFilter@103236a2, org.springframework.security.web.context.request.async.WebAsyncManagerIntegrationFilter@b022ec3, org.springframework.security.web.context.SecurityContextHolderFilter@6e71c9dc, org.springframework.security.web.header.HeaderWriterFilter@5d050d00, org.springframework.web.filter.CorsFilter@7201108f, org.springframework.security.web.authentication.logout.LogoutFilter@2817815f, com.rit.spms.security.JwtAuthenticationFilter@6873b40f, org.springframework.security.web.savedrequest.RequestCacheAwareFilter@7fe14f94, org.springframework.security.web.servletapi.SecurityContextHolderAwareRequestFilter@5387e079, org.springframework.security.web.authentication.AnonymousAuthenticationFilter@3772b95a, org.springframework.security.web.session.SessionManagementFilter@247f60a3, org.springframework.security.web.access.ExceptionTranslationFilter@5f98b31, org.springframework.security.web.access.intercept.AuthorizationFilter@372591c6]
2026-07-08T17:05:05.305+04:00  INFO 55776 --- [           main] o.s.l.c.support.AbstractContextSource    : Property 'userDn' not set - anonymous context will be used for read-only operations
2026-07-08T17:05:05.506+04:00  INFO 55776 --- [           main] o.s.b.w.embedded.tomcat.TomcatWebServer  : Tomcat started on port 8085 (http) with context path '/'
2026-07-08T17:05:05.524+04:00  INFO 55776 --- [           main] com.rit.spms.SpmsApplication             : Started SpmsApplication in 16.584 seconds (process running for 16.883)
2026-07-08T17:05:21.381+04:00  INFO 55776 --- [nio-8085-exec-1] o.a.c.c.C.[Tomcat].[localhost].[/]       : Initializing Spring DispatcherServlet 'dispatcherServlet'
2026-07-08T17:05:21.381+04:00  INFO 55776 --- [nio-8085-exec-1] o.s.web.servlet.DispatcherServlet        : Initializing Servlet 'dispatcherServlet'
2026-07-08T17:05:21.381+04:00  INFO 55776 --- [nio-8085-exec-1] o.s.web.servlet.DispatcherServlet        : Completed initialization in 0 ms
[ERROR] Failed to execute goal org.springframework.boot:spring-boot-maven-plugin:3.3.0:run (default-cli) on project spms: Process terminated with exit code: -1 -> [Help 1]
[ERROR] 
[ERROR] To see the full stack trace of the errors, re-run Maven with the -e switch.
[ERROR] Re-run Maven using the -X switch to enable full debug logging.
[ERROR] 
[ERROR] For more information about the errors and possible solutions, please read the following articles:
[ERROR] [Help 1] http://cwiki.apache.org/confluence/display/MAVEN/MojoExecutionException
