Standard Commons Logging discovery in action with spring-jcl: please remove commons-logging.jar from classpath in order to avoid potential conflicts
  .   ____          _            __ _ _
 /\\ / ___'_ __ _ _(_)_ __  __ _ \ \ \ \
( ( )\___ | '_ | '_| | '_ \/ _` | \ \ \ \
 \\/  ___)| |_)| | | | | || (_| |  ) ) ) )
  '  |____| .__|_| |_|_| |_\__, | / / / /
 =========|_|==============|___/=/_/_/_/

 :: Spring Boot ::                (v3.3.0)

2026-07-02T13:56:11.670+04:00  INFO 5220 --- [           main] com.rit.spms.SpmsApplication             : Starting SpmsApplication v1.0.0 using Java 21.0.8 with PID 5220 (C:\Users\kxkcad\projects\demo\spms\target\spms-1.0.0.jar started by kxkcad in C:\Users\kxkcad\projects\demo\spms)
2026-07-02T13:56:11.678+04:00  INFO 5220 --- [           main] com.rit.spms.SpmsApplication             : No active profile set, falling back to 1 default profile: "default"
2026-07-02T13:56:12.767+04:00  INFO 5220 --- [           main] .s.d.r.c.RepositoryConfigurationDelegate : Bootstrapping Spring Data JPA repositories in DEFAULT mode.
2026-07-02T13:56:12.885+04:00  INFO 5220 --- [           main] .s.d.r.c.RepositoryConfigurationDelegate : Finished Spring Data repository scanning in 101 ms. Found 22 JPA repository interfaces.
2026-07-02T13:56:14.220+04:00  INFO 5220 --- [           main] o.s.b.w.embedded.tomcat.TomcatWebServer  : Tomcat initialized with port 8085 (http)
2026-07-02T13:56:14.236+04:00  INFO 5220 --- [           main] o.apache.catalina.core.StandardService   : Starting service [Tomcat]
2026-07-02T13:56:14.236+04:00  INFO 5220 --- [           main] o.apache.catalina.core.StandardEngine    : Starting Servlet engine: [Apache Tomcat/10.1.24]
2026-07-02T13:56:14.291+04:00  INFO 5220 --- [           main] o.a.c.c.C.[Tomcat].[localhost].[/]       : Initializing Spring embedded WebApplicationContext
2026-07-02T13:56:14.291+04:00  INFO 5220 --- [           main] w.s.c.ServletWebServerApplicationContext : Root WebApplicationContext: initialization completed in 2497 ms
Standard Commons Logging discovery in action with spring-jcl: please remove commons-logging.jar from classpath in order to avoid potential conflicts
2026-07-02T13:56:14.690+04:00  INFO 5220 --- [           main] com.zaxxer.hikari.HikariDataSource       : HikariPool-1 - Starting...
2026-07-02T13:56:15.024+04:00  INFO 5220 --- [           main] com.zaxxer.hikari.pool.HikariPool        : HikariPool-1 - Added connection org.postgresql.jdbc.PgConnection@5103eea2
2026-07-02T13:56:15.028+04:00  INFO 5220 --- [           main] com.zaxxer.hikari.HikariDataSource       : HikariPool-1 - Start completed.
2026-07-02T13:56:15.071+04:00  INFO 5220 --- [           main] org.flywaydb.core.FlywayExecutor         : Database: jdbc:postgresql://localhost:5432/spms (PostgreSQL 17.6)
2026-07-02T13:56:15.088+04:00  WARN 5220 --- [           main] o.f.c.internal.database.base.Database    : Flyway upgrade recommended: PostgreSQL 17.6 is newer than this version of Flyway and support has not been tested. The latest supported version of PostgreSQL is 16.
2026-07-02T13:56:15.161+04:00  INFO 5220 --- [           main] o.f.core.internal.command.DbValidate     : Successfully validated 29 migrations (execution time 00:00.061s)
2026-07-02T13:56:15.194+04:00  INFO 5220 --- [           main] o.f.core.internal.command.DbMigrate      : Current version of schema "public": 29
2026-07-02T13:56:15.211+04:00  INFO 5220 --- [           main] o.f.core.internal.command.DbMigrate      : Schema "public" is up to date. No migration necessary.
2026-07-02T13:56:15.342+04:00  INFO 5220 --- [           main] o.hibernate.jpa.internal.util.LogHelper  : HHH000204: Processing PersistenceUnitInfo [name: default]
2026-07-02T13:56:15.440+04:00  INFO 5220 --- [           main] org.hibernate.Version                    : HHH000412: Hibernate ORM core version 6.5.2.Final
2026-07-02T13:56:15.503+04:00  INFO 5220 --- [           main] o.h.c.internal.RegionFactoryInitiator    : HHH000026: Second-level cache disabled
2026-07-02T13:56:15.917+04:00  INFO 5220 --- [           main] o.s.o.j.p.SpringPersistenceUnitInfo      : No LoadTimeWeaver setup: ignoring JPA class transformer
2026-07-02T13:56:16.013+04:00  WARN 5220 --- [           main] org.hibernate.orm.deprecation            : HHH90000025: PostgreSQLDialect does not need to be specified explicitly using 'hibernate.dialect' (remove the property setting and it will be selected by default)
2026-07-02T13:56:17.214+04:00  INFO 5220 --- [           main] o.h.e.t.j.p.i.JtaPlatformInitiator       : HHH000489: No JTA platform available (set 'hibernate.transaction.jta.platform' to enable JTA platform integration)
2026-07-02T13:56:17.253+04:00  INFO 5220 --- [           main] j.LocalContainerEntityManagerFactoryBean : Initialized JPA EntityManagerFactory for persistence unit 'default'
2026-07-02T13:56:17.640+04:00  INFO 5220 --- [           main] o.s.d.j.r.query.QueryEnhancerFactory     : Hibernate is in classpath; If applicable, HQL parser will be used.
2026-07-02T13:56:18.891+04:00  INFO 5220 --- [           main] eAuthenticationProviderManagerConfigurer : Global AuthenticationManager configured with AuthenticationProvider bean with name hybridAuthenticationProvider
2026-07-02T13:56:18.897+04:00  WARN 5220 --- [           main] r$InitializeUserDetailsManagerConfigurer : Global AuthenticationManager configured with an AuthenticationProvider bean. UserDetailsService beans will not be used for username/password login. Consider removing the AuthenticationProvider bean. Alternatively, consider using the UserDetailsService in a manually instantiated DaoAuthenticationProvider.
2026-07-02T13:56:19.296+04:00  WARN 5220 --- [           main] JpaBaseConfiguration$JpaWebConfiguration : spring.jpa.open-in-view is enabled by default. Therefore, database queries may be performed during view rendering. Explicitly configure spring.jpa.open-in-view to disable this warning
2026-07-02T13:56:19.622+04:00  INFO 5220 --- [           main] o.s.s.web.DefaultSecurityFilterChain     : Will secure any request with [org.springframework.security.web.session.DisableEncodeUrlFilter@7c1e325d, org.springframework.security.web.context.request.async.WebAsyncManagerIntegrationFilter@2202c350, org.springframework.security.web.context.SecurityContextHolderFilter@b6ae271, org.springframework.security.web.header.HeaderWriterFilter@65eb3095, org.springframework.web.filter.CorsFilter@133b27df, org.springframework.security.web.authentication.logout.LogoutFilter@534df4b, com.rit.spms.security.JwtAuthenticationFilter@20677bc2, org.springframework.security.web.savedrequest.RequestCacheAwareFilter@1abd158, org.springframework.security.web.servletapi.SecurityContextHolderAwareRequestFilter@325ca360, org.springframework.security.web.authentication.AnonymousAuthenticationFilter@6aef4277, org.springframework.security.web.session.SessionManagementFilter@5c0be4db, org.springframework.security.web.access.ExceptionTranslationFilter@3db55907, org.springframework.security.web.access.intercept.AuthorizationFilter@47232c32]
2026-07-02T13:56:20.007+04:00  INFO 5220 --- [           main] o.s.l.c.support.AbstractContextSource    : Property 'userDn' not set - anonymous context will be used for read-only operations
2026-07-02T13:56:20.114+04:00  INFO 5220 --- [           main] o.s.b.w.embedded.tomcat.TomcatWebServer  : Tomcat started on port 8085 (http) with context path '/'
2026-07-02T13:56:20.125+04:00  INFO 5220 --- [           main] com.rit.spms.SpmsApplication             : Started SpmsApplication in 9.083 seconds (process running for 9.721)
2026-07-02T13:56:51.782+04:00  INFO 5220 --- [nio-8085-exec-1] o.a.c.c.C.[Tomcat].[localhost].[/]       : Initializing Spring DispatcherServlet 'dispatcherServlet'
2026-07-02T13:56:51.782+04:00  INFO 5220 --- [nio-8085-exec-1] o.s.web.servlet.DispatcherServlet        : Initializing Servlet 'dispatcherServlet'
2026-07-02T13:56:51.782+04:00  INFO 5220 --- [nio-8085-exec-1] o.s.web.servlet.DispatcherServlet        : Completed initialization in 0 ms
