Standard Commons Logging discovery in action with spring-jcl: please remove commons-logging.jar from classpath in order to avoid potential conflicts
  .   ____          _            __ _ _
 /\\ / ___'_ __ _ _(_)_ __  __ _ \ \ \ \
( ( )\___ | '_ | '_| | '_ \/ _` | \ \ \ \
 \\/  ___)| |_)| | | | | || (_| |  ) ) ) )
  '  |____| .__|_| |_|_| |_\__, | / / / /
 =========|_|==============|___/=/_/_/_/

 :: Spring Boot ::                (v3.3.0)

2026-07-08T16:15:47.515+04:00  INFO 63900 --- [           main] com.rit.spms.SpmsApplication             : Starting SpmsApplication using Java 21.0.8 with PID 63900 (C:\Users\kxkcad\projects\demo\spms\target\classes started by kxkcad in C:\Users\kxkcad\projects\demo\spms)
2026-07-08T16:15:47.515+04:00  INFO 63900 --- [           main] com.rit.spms.SpmsApplication             : No active profile set, falling back to 1 default profile: "default"
2026-07-08T16:15:48.088+04:00  INFO 63900 --- [           main] .s.d.r.c.RepositoryConfigurationDelegate : Bootstrapping Spring Data JPA repositories in DEFAULT mode.
2026-07-08T16:15:48.205+04:00  INFO 63900 --- [           main] .s.d.r.c.RepositoryConfigurationDelegate : Finished Spring Data repository scanning in 98 ms. Found 46 JPA repository interfaces.
2026-07-08T16:15:48.951+04:00  INFO 63900 --- [           main] o.s.b.w.embedded.tomcat.TomcatWebServer  : Tomcat initialized with port 8085 (http)
2026-07-08T16:15:48.951+04:00  INFO 63900 --- [           main] o.apache.catalina.core.StandardService   : Starting service [Tomcat]
2026-07-08T16:15:48.951+04:00  INFO 63900 --- [           main] o.apache.catalina.core.StandardEngine    : Starting Servlet engine: [Apache Tomcat/10.1.24]
2026-07-08T16:15:49.010+04:00  INFO 63900 --- [           main] o.a.c.c.C.[Tomcat].[localhost].[/]       : Initializing Spring embedded WebApplicationContext
2026-07-08T16:15:49.010+04:00  INFO 63900 --- [           main] w.s.c.ServletWebServerApplicationContext : Root WebApplicationContext: initialization completed in 1446 ms
Standard Commons Logging discovery in action with spring-jcl: please remove commons-logging.jar from classpath in order to avoid potential conflicts
2026-07-08T16:15:49.184+04:00  INFO 63900 --- [           main] com.zaxxer.hikari.HikariDataSource       : HikariPool-1 - Starting...
2026-07-08T16:15:49.337+04:00  INFO 63900 --- [           main] com.zaxxer.hikari.pool.HikariPool        : HikariPool-1 - Added connection org.postgresql.jdbc.PgConnection@374b6e33
2026-07-08T16:15:49.337+04:00  INFO 63900 --- [           main] com.zaxxer.hikari.HikariDataSource       : HikariPool-1 - Start completed.
2026-07-08T16:15:49.371+04:00  INFO 63900 --- [           main] org.flywaydb.core.FlywayExecutor         : Database: jdbc:postgresql://localhost:5432/spms (PostgreSQL 17.6)
2026-07-08T16:15:49.377+04:00  WARN 63900 --- [           main] o.f.c.internal.database.base.Database    : Flyway upgrade recommended: PostgreSQL 17.6 is newer than this version of Flyway and support has not been tested. The latest supported version of PostgreSQL is 16.
2026-07-08T16:15:49.427+04:00  INFO 63900 --- [           main] o.f.core.internal.command.DbValidate     : Successfully validated 59 migrations (execution time 00:00.047s)
2026-07-08T16:15:49.493+04:00  INFO 63900 --- [           main] o.f.core.internal.command.DbMigrate      : Current version of schema "public": 58
2026-07-08T16:15:49.502+04:00  INFO 63900 --- [           main] o.f.core.internal.command.DbMigrate      : Migrating schema "public" to version "59 - annual evaluation employee signature"
2026-07-08T16:15:49.522+04:00  INFO 63900 --- [           main] o.f.core.internal.command.DbMigrate      : Successfully applied 1 migration to schema "public", now at version v59 (execution time 00:00.008s)
2026-07-08T16:15:49.593+04:00  INFO 63900 --- [           main] o.hibernate.jpa.internal.util.LogHelper  : HHH000204: Processing PersistenceUnitInfo [name: default]
2026-07-08T16:15:49.643+04:00  INFO 63900 --- [           main] org.hibernate.Version                    : HHH000412: Hibernate ORM core version 6.5.2.Final
2026-07-08T16:15:49.677+04:00  INFO 63900 --- [           main] o.h.c.internal.RegionFactoryInitiator    : HHH000026: Second-level cache disabled
2026-07-08T16:15:49.950+04:00  INFO 63900 --- [           main] o.s.o.j.p.SpringPersistenceUnitInfo      : No LoadTimeWeaver setup: ignoring JPA class transformer
2026-07-08T16:15:50.001+04:00  WARN 63900 --- [           main] org.hibernate.orm.deprecation            : HHH90000025: PostgreSQLDialect does not need to be specified explicitly using 'hibernate.dialect' (remove the property setting and it will be selected by default)
2026-07-08T16:15:51.315+04:00  INFO 63900 --- [           main] o.h.e.t.j.p.i.JtaPlatformInitiator       : HHH000489: No JTA platform available (set 'hibernate.transaction.jta.platform' to enable JTA platform integration)
2026-07-08T16:15:51.354+04:00  INFO 63900 --- [           main] j.LocalContainerEntityManagerFactoryBean : Initialized JPA EntityManagerFactory for persistence unit 'default'
2026-07-08T16:15:51.582+04:00  INFO 63900 --- [           main] o.s.d.j.r.query.QueryEnhancerFactory     : Hibernate is in classpath; If applicable, HQL parser will be used.
2026-07-08T16:15:52.718+04:00  INFO 63900 --- [           main] eAuthenticationProviderManagerConfigurer : Global AuthenticationManager configured with AuthenticationProvider bean with name hybridAuthenticationProvider
2026-07-08T16:15:52.734+04:00  WARN 63900 --- [           main] r$InitializeUserDetailsManagerConfigurer : Global AuthenticationManager configured with an AuthenticationProvider bean. UserDetailsService beans will not be used for username/password login. Consider removing the AuthenticationProvider bean. Alternatively, consider using the UserDetailsService in a manually instantiated DaoAuthenticationProvider.
2026-07-08T16:15:53.598+04:00  WARN 63900 --- [           main] JpaBaseConfiguration$JpaWebConfiguration : spring.jpa.open-in-view is enabled by default. Therefore, database queries may be performed during view rendering. Explicitly configure spring.jpa.open-in-view to disable this warning
2026-07-08T16:15:53.898+04:00  INFO 63900 --- [           main] o.s.s.web.DefaultSecurityFilterChain     : Will secure any request with [org.springframework.security.web.session.DisableEncodeUrlFilter@2e3991bd, org.springframework.security.web.context.request.async.WebAsyncManagerIntegrationFilter@39dc7c0e, org.springframework.security.web.context.SecurityContextHolderFilter@4f95e256, org.springframework.security.web.header.HeaderWriterFilter@7e3cc762, org.springframework.web.filter.CorsFilter@af9f43d, org.springframework.security.web.authentication.logout.LogoutFilter@6ffb07a4, com.rit.spms.security.JwtAuthenticationFilter@5aecf9b5, org.springframework.security.web.savedrequest.RequestCacheAwareFilter@2ce7760f, org.springframework.security.web.servletapi.SecurityContextHolderAwareRequestFilter@569fb30d, org.springframework.security.web.authentication.AnonymousAuthenticationFilter@7f6cf329, org.springframework.security.web.session.SessionManagementFilter@4ac9a1ff, org.springframework.security.web.access.ExceptionTranslationFilter@59e97f75, org.springframework.security.web.access.intercept.AuthorizationFilter@3ca57afe]
2026-07-08T16:15:54.149+04:00  INFO 63900 --- [           main] o.s.l.c.support.AbstractContextSource    : Property 'userDn' not set - anonymous context will be used for read-only operations
2026-07-08T16:15:54.200+04:00  INFO 63900 --- [           main] o.s.b.w.embedded.tomcat.TomcatWebServer  : Tomcat started on port 8085 (http) with context path '/'
2026-07-08T16:15:54.200+04:00  INFO 63900 --- [           main] com.rit.spms.SpmsApplication             : Started SpmsApplication in 7.001 seconds (process running for 7.384)
2026-07-08T16:16:10.194+04:00  INFO 63900 --- [nio-8085-exec-2] o.a.c.c.C.[Tomcat].[localhost].[/]       : Initializing Spring DispatcherServlet 'dispatcherServlet'
2026-07-08T16:16:10.194+04:00  INFO 63900 --- [nio-8085-exec-2] o.s.web.servlet.DispatcherServlet        : Initializing Servlet 'dispatcherServlet'
2026-07-08T16:16:10.195+04:00  INFO 63900 --- [nio-8085-exec-2] o.s.web.servlet.DispatcherServlet        : Completed initialization in 1 ms
[ERROR] Failed to execute goal org.springframework.boot:spring-boot-maven-plugin:3.3.0:run (default-cli) on project spms: Process terminated with exit code: -1 -> [Help 1]
[ERROR] 
[ERROR] To see the full stack trace of the errors, re-run Maven with the -e switch.
[ERROR] Re-run Maven using the -X switch to enable full debug logging.
[ERROR] 
[ERROR] For more information about the errors and possible solutions, please read the following articles:
[ERROR] [Help 1] http://cwiki.apache.org/confluence/display/MAVEN/MojoExecutionException
