Standard Commons Logging discovery in action with spring-jcl: please remove commons-logging.jar from classpath in order to avoid potential conflicts
  .   ____          _            __ _ _
 /\\ / ___'_ __ _ _(_)_ __  __ _ \ \ \ \
( ( )\___ | '_ | '_| | '_ \/ _` | \ \ \ \
 \\/  ___)| |_)| | | | | || (_| |  ) ) ) )
  '  |____| .__|_| |_|_| |_\__, | / / / /
 =========|_|==============|___/=/_/_/_/

 :: Spring Boot ::                (v3.3.0)

2026-07-09T12:27:55.863+04:00  INFO 52108 --- [           main] com.rit.spms.SpmsApplication             : Starting SpmsApplication using Java 21.0.8 with PID 52108 (C:\Users\kxkcad\projects\demo\spms\target\classes started by kxkcad in C:\Users\kxkcad\projects\demo\spms)
2026-07-09T12:27:55.867+04:00  INFO 52108 --- [           main] com.rit.spms.SpmsApplication             : No active profile set, falling back to 1 default profile: "default"
2026-07-09T12:27:56.442+04:00  INFO 52108 --- [           main] .s.d.r.c.RepositoryConfigurationDelegate : Bootstrapping Spring Data JPA repositories in DEFAULT mode.
2026-07-09T12:27:56.544+04:00  INFO 52108 --- [           main] .s.d.r.c.RepositoryConfigurationDelegate : Finished Spring Data repository scanning in 95 ms. Found 46 JPA repository interfaces.
2026-07-09T12:27:57.305+04:00  INFO 52108 --- [           main] o.s.b.w.embedded.tomcat.TomcatWebServer  : Tomcat initialized with port 8085 (http)
2026-07-09T12:27:57.314+04:00  INFO 52108 --- [           main] o.apache.catalina.core.StandardService   : Starting service [Tomcat]
2026-07-09T12:27:57.314+04:00  INFO 52108 --- [           main] o.apache.catalina.core.StandardEngine    : Starting Servlet engine: [Apache Tomcat/10.1.24]
2026-07-09T12:27:57.366+04:00  INFO 52108 --- [           main] o.a.c.c.C.[Tomcat].[localhost].[/]       : Initializing Spring embedded WebApplicationContext
2026-07-09T12:27:57.366+04:00  INFO 52108 --- [           main] w.s.c.ServletWebServerApplicationContext : Root WebApplicationContext: initialization completed in 1462 ms
Standard Commons Logging discovery in action with spring-jcl: please remove commons-logging.jar from classpath in order to avoid potential conflicts
2026-07-09T12:27:57.552+04:00  INFO 52108 --- [           main] com.zaxxer.hikari.HikariDataSource       : HikariPool-1 - Starting...
2026-07-09T12:27:57.695+04:00  INFO 52108 --- [           main] com.zaxxer.hikari.pool.HikariPool        : HikariPool-1 - Added connection org.postgresql.jdbc.PgConnection@374b6e33
2026-07-09T12:27:57.695+04:00  INFO 52108 --- [           main] com.zaxxer.hikari.HikariDataSource       : HikariPool-1 - Start completed.
2026-07-09T12:27:57.723+04:00  INFO 52108 --- [           main] org.flywaydb.core.FlywayExecutor         : Database: jdbc:postgresql://localhost:5432/spms (PostgreSQL 17.6)
2026-07-09T12:27:57.731+04:00  WARN 52108 --- [           main] o.f.c.internal.database.base.Database    : Flyway upgrade recommended: PostgreSQL 17.6 is newer than this version of Flyway and support has not been tested. The latest supported version of PostgreSQL is 16.
2026-07-09T12:27:57.790+04:00  INFO 52108 --- [           main] o.f.core.internal.command.DbValidate     : Successfully validated 62 migrations (execution time 00:00.050s)
2026-07-09T12:27:57.850+04:00  INFO 52108 --- [           main] o.f.core.internal.command.DbMigrate      : Current version of schema "public": 61
2026-07-09T12:27:57.860+04:00  INFO 52108 --- [           main] o.f.core.internal.command.DbMigrate      : Migrating schema "public" to version "62 - annual evaluation goals self rank section level"
2026-07-09T12:27:57.884+04:00  INFO 52108 --- [           main] o.f.core.internal.command.DbMigrate      : Successfully applied 1 migration to schema "public", now at version v62 (execution time 00:00.015s)
2026-07-09T12:27:57.952+04:00  INFO 52108 --- [           main] o.hibernate.jpa.internal.util.LogHelper  : HHH000204: Processing PersistenceUnitInfo [name: default]
2026-07-09T12:27:58.008+04:00  INFO 52108 --- [           main] org.hibernate.Version                    : HHH000412: Hibernate ORM core version 6.5.2.Final
2026-07-09T12:27:58.038+04:00  INFO 52108 --- [           main] o.h.c.internal.RegionFactoryInitiator    : HHH000026: Second-level cache disabled
2026-07-09T12:27:58.366+04:00  INFO 52108 --- [           main] o.s.o.j.p.SpringPersistenceUnitInfo      : No LoadTimeWeaver setup: ignoring JPA class transformer
2026-07-09T12:27:58.423+04:00  WARN 52108 --- [           main] org.hibernate.orm.deprecation            : HHH90000025: PostgreSQLDialect does not need to be specified explicitly using 'hibernate.dialect' (remove the property setting and it will be selected by default)
2026-07-09T12:28:00.060+04:00  INFO 52108 --- [           main] o.h.e.t.j.p.i.JtaPlatformInitiator       : HHH000489: No JTA platform available (set 'hibernate.transaction.jta.platform' to enable JTA platform integration)
2026-07-09T12:28:00.109+04:00  INFO 52108 --- [           main] j.LocalContainerEntityManagerFactoryBean : Initialized JPA EntityManagerFactory for persistence unit 'default'
2026-07-09T12:28:00.444+04:00  INFO 52108 --- [           main] o.s.d.j.r.query.QueryEnhancerFactory     : Hibernate is in classpath; If applicable, HQL parser will be used.
2026-07-09T12:28:02.145+04:00  INFO 52108 --- [           main] eAuthenticationProviderManagerConfigurer : Global AuthenticationManager configured with AuthenticationProvider bean with name hybridAuthenticationProvider
2026-07-09T12:28:02.146+04:00  WARN 52108 --- [           main] r$InitializeUserDetailsManagerConfigurer : Global AuthenticationManager configured with an AuthenticationProvider bean. UserDetailsService beans will not be used for username/password login. Consider removing the AuthenticationProvider bean. Alternatively, consider using the UserDetailsService in a manually instantiated DaoAuthenticationProvider.
2026-07-09T12:28:03.277+04:00  WARN 52108 --- [           main] JpaBaseConfiguration$JpaWebConfiguration : spring.jpa.open-in-view is enabled by default. Therefore, database queries may be performed during view rendering. Explicitly configure spring.jpa.open-in-view to disable this warning
2026-07-09T12:28:03.650+04:00  INFO 52108 --- [           main] o.s.s.web.DefaultSecurityFilterChain     : Will secure any request with [org.springframework.security.web.session.DisableEncodeUrlFilter@4c7c6582, org.springframework.security.web.context.request.async.WebAsyncManagerIntegrationFilter@39c9272, org.springframework.security.web.context.SecurityContextHolderFilter@672bc69a, org.springframework.security.web.header.HeaderWriterFilter@2eba393, org.springframework.web.filter.CorsFilter@5cba45e8, org.springframework.security.web.authentication.logout.LogoutFilter@40c0c9fb, com.rit.spms.security.JwtAuthenticationFilter@50659a9a, org.springframework.security.web.savedrequest.RequestCacheAwareFilter@4c718b69, org.springframework.security.web.servletapi.SecurityContextHolderAwareRequestFilter@786d9f87, org.springframework.security.web.authentication.AnonymousAuthenticationFilter@37eacfbc, org.springframework.security.web.session.SessionManagementFilter@4142900c, org.springframework.security.web.access.ExceptionTranslationFilter@72225e34, org.springframework.security.web.access.intercept.AuthorizationFilter@5ea231be]
2026-07-09T12:28:03.980+04:00  INFO 52108 --- [           main] o.s.l.c.support.AbstractContextSource    : Property 'userDn' not set - anonymous context will be used for read-only operations
2026-07-09T12:28:04.035+04:00  INFO 52108 --- [           main] o.s.b.w.embedded.tomcat.TomcatWebServer  : Tomcat started on port 8085 (http) with context path '/'
2026-07-09T12:28:04.044+04:00  INFO 52108 --- [           main] com.rit.spms.SpmsApplication             : Started SpmsApplication in 8.504 seconds (process running for 8.822)
2026-07-09T12:28:04.150+04:00  INFO 52108 --- [nio-8085-exec-1] o.a.c.c.C.[Tomcat].[localhost].[/]       : Initializing Spring DispatcherServlet 'dispatcherServlet'
2026-07-09T12:28:04.151+04:00  INFO 52108 --- [nio-8085-exec-1] o.s.web.servlet.DispatcherServlet        : Initializing Servlet 'dispatcherServlet'
2026-07-09T12:28:04.152+04:00  INFO 52108 --- [nio-8085-exec-1] o.s.web.servlet.DispatcherServlet        : Completed initialization in 1 ms
[ERROR] Failed to execute goal org.springframework.boot:spring-boot-maven-plugin:3.3.0:run (default-cli) on project spms: Process terminated with exit code: -1 -> [Help 1]
[ERROR] 
[ERROR] To see the full stack trace of the errors, re-run Maven with the -e switch.
[ERROR] Re-run Maven using the -X switch to enable full debug logging.
[ERROR] 
[ERROR] For more information about the errors and possible solutions, please read the following articles:
[ERROR] [Help 1] http://cwiki.apache.org/confluence/display/MAVEN/MojoExecutionException
