Standard Commons Logging discovery in action with spring-jcl: please remove commons-logging.jar from classpath in order to avoid potential conflicts
  .   ____          _            __ _ _
 /\\ / ___'_ __ _ _(_)_ __  __ _ \ \ \ \
( ( )\___ | '_ | '_| | '_ \/ _` | \ \ \ \
 \\/  ___)| |_)| | | | | || (_| |  ) ) ) )
  '  |____| .__|_| |_|_| |_\__, | / / / /
 =========|_|==============|___/=/_/_/_/

 :: Spring Boot ::                (v3.3.0)

2026-07-05T03:36:31.804+04:00  INFO 61436 --- [           main] com.rit.spms.SpmsApplication             : Starting SpmsApplication using Java 21.0.8 with PID 61436 (C:\Users\kxkcad\projects\demo\spms\target\classes started by kxkcad in C:\Users\kxkcad\projects\demo\spms)
2026-07-05T03:36:31.808+04:00  INFO 61436 --- [           main] com.rit.spms.SpmsApplication             : No active profile set, falling back to 1 default profile: "default"
2026-07-05T03:36:32.768+04:00  INFO 61436 --- [           main] .s.d.r.c.RepositoryConfigurationDelegate : Bootstrapping Spring Data JPA repositories in DEFAULT mode.
2026-07-05T03:36:32.912+04:00  INFO 61436 --- [           main] .s.d.r.c.RepositoryConfigurationDelegate : Finished Spring Data repository scanning in 128 ms. Found 33 JPA repository interfaces.
2026-07-05T03:36:34.193+04:00  INFO 61436 --- [           main] o.s.b.w.embedded.tomcat.TomcatWebServer  : Tomcat initialized with port 8085 (http)
2026-07-05T03:36:34.225+04:00  INFO 61436 --- [           main] o.apache.catalina.core.StandardService   : Starting service [Tomcat]
2026-07-05T03:36:34.225+04:00  INFO 61436 --- [           main] o.apache.catalina.core.StandardEngine    : Starting Servlet engine: [Apache Tomcat/10.1.24]
2026-07-05T03:36:34.315+04:00  INFO 61436 --- [           main] o.a.c.c.C.[Tomcat].[localhost].[/]       : Initializing Spring embedded WebApplicationContext
2026-07-05T03:36:34.315+04:00  INFO 61436 --- [           main] w.s.c.ServletWebServerApplicationContext : Root WebApplicationContext: initialization completed in 2442 ms
Standard Commons Logging discovery in action with spring-jcl: please remove commons-logging.jar from classpath in order to avoid potential conflicts
2026-07-05T03:36:34.662+04:00  INFO 61436 --- [           main] com.zaxxer.hikari.HikariDataSource       : HikariPool-1 - Starting...
2026-07-05T03:36:34.965+04:00  INFO 61436 --- [           main] com.zaxxer.hikari.pool.HikariPool        : HikariPool-1 - Added connection org.postgresql.jdbc.PgConnection@6133e20b
2026-07-05T03:36:34.965+04:00  INFO 61436 --- [           main] com.zaxxer.hikari.HikariDataSource       : HikariPool-1 - Start completed.
2026-07-05T03:36:35.058+04:00  INFO 61436 --- [           main] org.flywaydb.core.FlywayExecutor         : Database: jdbc:postgresql://localhost:5432/spms (PostgreSQL 17.6)
2026-07-05T03:36:35.080+04:00  WARN 61436 --- [           main] o.f.c.internal.database.base.Database    : Flyway upgrade recommended: PostgreSQL 17.6 is newer than this version of Flyway and support has not been tested. The latest supported version of PostgreSQL is 16.
2026-07-05T03:36:35.231+04:00  INFO 61436 --- [           main] o.f.core.internal.command.DbValidate     : Successfully validated 33 migrations (execution time 00:00.123s)
2026-07-05T03:36:35.251+04:00  INFO 61436 --- [           main] o.f.core.internal.command.DbMigrate      : Current version of schema "public": 33
2026-07-05T03:36:35.263+04:00  INFO 61436 --- [           main] o.f.core.internal.command.DbMigrate      : Schema "public" is up to date. No migration necessary.
2026-07-05T03:36:35.438+04:00  INFO 61436 --- [           main] o.hibernate.jpa.internal.util.LogHelper  : HHH000204: Processing PersistenceUnitInfo [name: default]
2026-07-05T03:36:35.566+04:00  INFO 61436 --- [           main] org.hibernate.Version                    : HHH000412: Hibernate ORM core version 6.5.2.Final
2026-07-05T03:36:35.659+04:00  INFO 61436 --- [           main] o.h.c.internal.RegionFactoryInitiator    : HHH000026: Second-level cache disabled
2026-07-05T03:36:36.432+04:00  INFO 61436 --- [           main] o.s.o.j.p.SpringPersistenceUnitInfo      : No LoadTimeWeaver setup: ignoring JPA class transformer
2026-07-05T03:36:36.608+04:00  WARN 61436 --- [           main] org.hibernate.orm.deprecation            : HHH90000025: PostgreSQLDialect does not need to be specified explicitly using 'hibernate.dialect' (remove the property setting and it will be selected by default)
2026-07-05T03:36:38.760+04:00  INFO 61436 --- [           main] o.h.e.t.j.p.i.JtaPlatformInitiator       : HHH000489: No JTA platform available (set 'hibernate.transaction.jta.platform' to enable JTA platform integration)
2026-07-05T03:36:38.814+04:00  INFO 61436 --- [           main] j.LocalContainerEntityManagerFactoryBean : Initialized JPA EntityManagerFactory for persistence unit 'default'
2026-07-05T03:36:39.338+04:00  INFO 61436 --- [           main] o.s.d.j.r.query.QueryEnhancerFactory     : Hibernate is in classpath; If applicable, HQL parser will be used.
2026-07-05T03:36:41.745+04:00  INFO 61436 --- [           main] eAuthenticationProviderManagerConfigurer : Global AuthenticationManager configured with AuthenticationProvider bean with name hybridAuthenticationProvider
2026-07-05T03:36:41.745+04:00  WARN 61436 --- [           main] r$InitializeUserDetailsManagerConfigurer : Global AuthenticationManager configured with an AuthenticationProvider bean. UserDetailsService beans will not be used for username/password login. Consider removing the AuthenticationProvider bean. Alternatively, consider using the UserDetailsService in a manually instantiated DaoAuthenticationProvider.
2026-07-05T03:36:43.487+04:00  WARN 61436 --- [           main] JpaBaseConfiguration$JpaWebConfiguration : spring.jpa.open-in-view is enabled by default. Therefore, database queries may be performed during view rendering. Explicitly configure spring.jpa.open-in-view to disable this warning
2026-07-05T03:36:44.129+04:00  INFO 61436 --- [           main] o.s.s.web.DefaultSecurityFilterChain     : Will secure any request with [org.springframework.security.web.session.DisableEncodeUrlFilter@308d1ec0, org.springframework.security.web.context.request.async.WebAsyncManagerIntegrationFilter@127cbd8b, org.springframework.security.web.context.SecurityContextHolderFilter@79b5a9e6, org.springframework.security.web.header.HeaderWriterFilter@3b93b86b, org.springframework.web.filter.CorsFilter@79acc359, org.springframework.security.web.authentication.logout.LogoutFilter@619dc2a6, com.rit.spms.security.JwtAuthenticationFilter@69b9a61, org.springframework.security.web.savedrequest.RequestCacheAwareFilter@54bb5dd0, org.springframework.security.web.servletapi.SecurityContextHolderAwareRequestFilter@26327339, org.springframework.security.web.authentication.AnonymousAuthenticationFilter@8afb1bd, org.springframework.security.web.session.SessionManagementFilter@4daf8e98, org.springframework.security.web.access.ExceptionTranslationFilter@3a35e669, org.springframework.security.web.access.intercept.AuthorizationFilter@126606bc]
2026-07-05T03:36:44.763+04:00  INFO 61436 --- [           main] o.s.l.c.support.AbstractContextSource    : Property 'userDn' not set - anonymous context will be used for read-only operations
2026-07-05T03:36:44.883+04:00  INFO 61436 --- [           main] o.s.b.w.embedded.tomcat.TomcatWebServer  : Tomcat started on port 8085 (http) with context path '/'
2026-07-05T03:36:44.895+04:00  INFO 61436 --- [           main] com.rit.spms.SpmsApplication             : Started SpmsApplication in 13.608 seconds (process running for 14.084)
2026-07-05T03:36:45.162+04:00  INFO 61436 --- [nio-8085-exec-1] o.a.c.c.C.[Tomcat].[localhost].[/]       : Initializing Spring DispatcherServlet 'dispatcherServlet'
2026-07-05T03:36:45.162+04:00  INFO 61436 --- [nio-8085-exec-1] o.s.web.servlet.DispatcherServlet        : Initializing Servlet 'dispatcherServlet'
2026-07-05T03:36:45.162+04:00  INFO 61436 --- [nio-8085-exec-1] o.s.web.servlet.DispatcherServlet        : Completed initialization in 0 ms
2026-07-05T03:36:56.155+04:00  WARN 61436 --- [nio-8085-exec-6] c.r.s.exception.GlobalExceptionHandler   : Business rule violation: A strategy for this department and planning cycle already exists
2026-07-05T03:37:51.310+04:00  WARN 61436 --- [nio-8085-exec-7] c.r.s.exception.GlobalExceptionHandler   : Business rule violation: Cannot delete an area that still has goals assigned. Move or delete all goals from this area first.
2026-07-05T03:42:40.209+04:00  WARN 61436 --- [nio-8085-exec-3] c.r.s.exception.GlobalExceptionHandler   : Business rule violation: Cannot delete an area that still has goals assigned. Move or delete all goals from this area first.
2026-07-05T03:42:47.176+04:00  WARN 61436 --- [nio-8085-exec-4] c.r.s.exception.GlobalExceptionHandler   : Business rule violation: Cannot delete an area that still has goals assigned. Move or delete all goals from this area first.
2026-07-05T03:44:01.279+04:00  WARN 61436 --- [nio-8085-exec-3] PageModule$PlainPageSerializationWarning : Serializing PageImpl instances as-is is not supported, meaning that there is no guarantee about the stability of the resulting JSON structure!
	For a stable JSON structure, please use Spring Data's PagedModel (globally via @EnableSpringDataWebSupport(pageSerializationMode = VIA_DTO))
	or Spring HATEOAS and Spring Data's PagedResourcesAssembler as documented in https://docs.spring.io/spring-data/commons/reference/repositories/core-extensions.html#core.web.pageables.

2026-07-05T03:47:29.255+04:00  WARN 61436 --- [nio-8085-exec-3] c.r.s.exception.GlobalExceptionHandler   : Unauthorized access: You do not have access to this strategy
2026-07-05T03:47:30.269+04:00  WARN 61436 --- [nio-8085-exec-9] c.r.s.exception.GlobalExceptionHandler   : Unauthorized access: You do not have access to this strategy
2026-07-05T03:47:35.399+04:00  WARN 61436 --- [nio-8085-exec-2] c.r.s.exception.GlobalExceptionHandler   : Unauthorized access: You do not have access to this strategy
2026-07-05T03:47:36.422+04:00  WARN 61436 --- [nio-8085-exec-6] c.r.s.exception.GlobalExceptionHandler   : Unauthorized access: You do not have access to this strategy
